c:\users\ektor\source\repos\cpp-opengl-practice\cpp-opengl-practice\x64\debug\glinitializer.obj
c:\users\ektor\source\repos\cpp-opengl-practice\cpp-opengl-practice\x64\debug\main.obj
c:\users\ektor\source\repos\cpp-opengl-practice\cpp-opengl-practice\x64\debug\vc143.idb
c:\users\ektor\source\repos\cpp-opengl-practice\cpp-opengl-practice\x64\debug\vc143.pdb
c:\users\ektor\source\repos\cpp-opengl-practice\x64\debug\cpp-opengl-practice.pdb
c:\users\ektor\source\repos\cpp-opengl-practice\cpp-opengl-practice\x64\debug\cpp-open.5062be79.tlog\cl.command.1.tlog
c:\users\ektor\source\repos\cpp-opengl-practice\cpp-opengl-practice\x64\debug\cpp-open.5062be79.tlog\link-cvtres.read.1.tlog
c:\users\ektor\source\repos\cpp-opengl-practice\cpp-opengl-practice\x64\debug\cpp-open.5062be79.tlog\link-cvtres.write.1.tlog
c:\users\ektor\source\repos\cpp-opengl-practice\cpp-opengl-practice\x64\debug\cpp-open.5062be79.tlog\link-rc.read.1.tlog
c:\users\ektor\source\repos\cpp-opengl-practice\cpp-opengl-practice\x64\debug\cpp-open.5062be79.tlog\link-rc.write.1.tlog
c:\users\ektor\source\repos\cpp-opengl-practice\cpp-opengl-practice\x64\debug\cpp-open.5062be79.tlog\link.10512-cvtres.read.1.tlog
c:\users\ektor\source\repos\cpp-opengl-practice\cpp-opengl-practice\x64\debug\cpp-open.5062be79.tlog\link.10512-cvtres.write.1.tlog
c:\users\ektor\source\repos\cpp-opengl-practice\cpp-opengl-practice\x64\debug\cpp-open.5062be79.tlog\link.10512-rc.read.1.tlog
c:\users\ektor\source\repos\cpp-opengl-practice\cpp-opengl-practice\x64\debug\cpp-open.5062be79.tlog\link.10512-rc.write.1.tlog
c:\users\ektor\source\repos\cpp-opengl-practice\cpp-opengl-practice\x64\debug\cpp-open.5062be79.tlog\link.10512.read.1.tlog
c:\users\ektor\source\repos\cpp-opengl-practice\cpp-opengl-practice\x64\debug\cpp-open.5062be79.tlog\link.10512.read.2.tlog
c:\users\ektor\source\repos\cpp-opengl-practice\cpp-opengl-practice\x64\debug\cpp-open.5062be79.tlog\link.10512.write.1.tlog
c:\users\ektor\source\repos\cpp-opengl-practice\cpp-opengl-practice\x64\debug\cpp-open.5062be79.tlog\link.command.1.tlog
c:\users\ektor\source\repos\cpp-opengl-practice\cpp-opengl-practice\x64\debug\cpp-open.5062be79.tlog\link.read.1.tlog
c:\users\ektor\source\repos\cpp-opengl-practice\cpp-opengl-practice\x64\debug\cpp-open.5062be79.tlog\link.read.2.tlog
c:\users\ektor\source\repos\cpp-opengl-practice\cpp-opengl-practice\x64\debug\cpp-open.5062be79.tlog\link.write.1.tlog
